SF:lib\data\repository\settings_repository.dart
DA:7,1
DA:10,1
DA:11,2
DA:13,0
DA:14,0
DA:16,0
DA:17,0
DA:19,0
DA:20,0
DA:22,0
DA:23,0
DA:25,0
DA:26,0
DA:28,0
DA:30,0
DA:33,0
DA:35,0
DA:38,0
DA:40,0
DA:43,1
DA:45,2
DA:48,1
DA:50,2
DA:53,0
DA:55,0
DA:58,1
DA:60,2
LF:27
LH:9
end_of_record
SF:lib\data\provider\settings_provider.dart
DA:13,1
DA:15,1
DA:16,0
DA:20,0
DA:22,0
DA:23,0
DA:26,0
DA:28,0
DA:29,0
DA:32,0
DA:34,0
DA:35,0
DA:38,0
DA:40,0
DA:41,0
DA:44,0
DA:46,0
DA:47,0
DA:50,0
DA:52,0
DA:53,0
DA:56,1
DA:58,1
DA:59,0
DA:62,0
DA:64,0
DA:65,0
DA:68,1
DA:70,1
DA:71,0
DA:74,0
DA:76,0
DA:77,0
DA:80,0
DA:82,0
DA:83,0
DA:86,1
DA:88,1
DA:89,0
DA:90,0
DA:91,0
DA:92,0
DA:93,0
DA:94,0
LF:44
LH:8
end_of_record
SF:lib\presentation\pages\settings\settings_cubit.dart
DA:11,1
DA:13,2
DA:14,1
DA:16,1
DA:21,1
DA:24,1
DA:25,2
DA:26,0
DA:27,0
DA:28,0
DA:29,0
DA:30,0
DA:31,0
DA:32,0
DA:33,0
DA:43,0
DA:44,0
DA:45,0
DA:46,0
DA:48,0
DA:49,0
DA:53,0
DA:55,0
DA:57,0
DA:58,0
DA:59,0
DA:62,1
DA:63,2
DA:64,3
DA:67,1
DA:68,2
DA:69,3
DA:72,0
DA:73,0
DA:74,0
DA:77,0
DA:78,0
DA:79,0
DA:82,1
DA:83,2
DA:84,1
DA:85,2
DA:87,1
DA:88,1
LF:44
LH:19
end_of_record
SF:lib\presentation\pages\settings\settings_page.dart
DA:11,2
DA:13,1
DA:15,1
DA:16,1
DA:17,3
DA:20,1
DA:24,1
DA:25,1
DA:26,1
DA:27,2
DA:29,1
DA:30,1
DA:31,1
DA:33,1
DA:34,1
DA:36,2
DA:38,1
DA:40,1
DA:41,1
DA:43,1
DA:44,1
DA:45,0
DA:46,0
DA:50,1
DA:52,1
DA:53,1
DA:55,1
DA:57,3
DA:58,1
DA:59,0
DA:60,0
DA:62,0
DA:64,2
DA:67,1
DA:69,1
DA:70,1
DA:71,1
DA:74,1
DA:76,1
DA:77,1
DA:78,2
DA:82,1
DA:84,1
DA:87,1
DA:88,1
DA:89,0
DA:90,0
DA:94,3
DA:95,0
DA:96,0
DA:98,1
DA:100,1
DA:101,1
DA:103,2
DA:111,1
DA:119,1
DA:120,1
DA:121,1
DA:122,3
DA:123,1
DA:124,3
LF:61
LH:52
end_of_record
SF:lib\l10n\l10n.dart
DA:4,3
LF:1
LH:1
end_of_record
SF:lib\presentation\pages\home\home_page.dart
DA:19,0
DA:21,0
DA:22,0
DA:26,0
DA:28,0
DA:29,0
DA:30,0
DA:32,0
DA:34,0
DA:35,0
DA:37,0
DA:39,0
DA:40,0
DA:46,0
DA:47,0
DA:48,0
DA:50,0
DA:54,0
DA:58,0
DA:59,0
DA:63,0
DA:69,0
DA:70,0
DA:71,0
DA:72,0
DA:73,0
DA:74,0
DA:75,0
DA:76,0
DA:77,0
DA:78,0
DA:79,0
DA:80,0
DA:81,0
DA:82,0
DA:83,0
DA:85,0
DA:86,0
DA:89,0
DA:90,0
DA:92,0
DA:102,0
DA:103,0
DA:104,0
DA:105,0
LF:45
LH:0
end_of_record
SF:lib\domain\utils\utils.dart
DA:8,0
DA:10,0
DA:14,0
DA:16,0
DA:17,0
DA:18,0
DA:20,0
DA:21,0
DA:23,0
DA:24,0
DA:25,0
DA:26,0
DA:28,0
DA:32,0
DA:33,0
DA:34,0
DA:35,0
DA:36,0
DA:37,0
DA:38,0
DA:39,0
DA:40,0
DA:41,0
DA:42,0
DA:43,0
DA:44,0
DA:45,0
DA:47,0
DA:48,0
DA:50,0
DA:51,0
DA:53,0
DA:54,0
DA:56,0
DA:59,0
DA:61,0
DA:62,0
DA:65,0
DA:66,0
DA:69,0
DA:75,0
DA:78,0
DA:81,0
DA:85,0
DA:94,0
DA:95,0
DA:98,0
DA:99,0
DA:100,0
DA:103,0
DA:104,0
DA:108,0
DA:111,0
DA:112,0
DA:114,0
DA:117,0
DA:123,1
DA:124,3
DA:125,2
DA:126,1
DA:127,2
DA:128,0
DA:130,1
LF:63
LH:6
end_of_record
SF:lib\domain\models\category.dart
DA:8,0
DA:10,0
DA:11,0
DA:14,0
DA:15,0
DA:17,0
DA:18,0
DA:19,0
DA:25,0
DA:26,0
DA:27,0
DA:28,0
DA:29,0
DA:30,0
DA:31,0
DA:32,0
LF:16
LH:0
end_of_record
SF:lib\domain\models\chat.dart
DA:16,0
DA:28,0
DA:37,0
DA:38,0
DA:39,0
DA:40,0
DA:41,0
DA:42,0
DA:43,0
DA:44,0
DA:45,0
DA:46,0
DA:50,0
DA:51,0
DA:52,0
DA:53,0
DA:54,0
DA:55,0
DA:56,0
DA:57,0
DA:58,0
DA:59,0
DA:60,0
LF:23
LH:0
end_of_record
SF:lib\domain\models\event.dart
DA:15,0
DA:26,0
DA:36,0
DA:37,0
DA:38,0
DA:39,0
DA:40,0
DA:41,0
DA:42,0
DA:43,0
DA:44,0
DA:48,0
DA:49,0
DA:50,0
DA:51,0
DA:52,0
DA:53,0
DA:54,0
DA:55,0
LF:19
LH:0
end_of_record
SF:lib\domain\models\tag.dart
DA:6,0
DA:8,0
DA:9,0
DA:12,0
DA:13,0
LF:5
LH:0
end_of_record
SF:lib\domain\utils\hash_tag.dart
DA:6,0
DA:7,0
DA:10,0
DA:12,0
DA:13,0
DA:14,0
DA:17,0
DA:18,0
DA:21,0
DA:23,0
DA:24,0
DA:25,0
DA:26,0
DA:27,0
DA:28,0
DA:38,0
DA:40,0
DA:43,0
DA:44,0
DA:46,0
DA:47,0
DA:48,0
DA:51,0
DA:52,0
DA:53,0
DA:56,0
DA:57,0
DA:58,0
DA:61,0
DA:62,0
DA:64,0
DA:65,0
DA:70,0
DA:72,0
DA:73,0
DA:77,0
DA:80,0
DA:81,0
DA:82,0
DA:84,0
DA:89,0
DA:95,0
DA:97,0
LF:43
LH:0
end_of_record
SF:lib\presentation\pages\archive\archive_page.dart
DA:10,1
DA:12,0
DA:13,0
DA:17,0
DA:19,0
DA:21,0
DA:22,0
DA:23,0
DA:26,0
DA:30,0
DA:31,0
DA:32,0
DA:33,0
DA:35,0
DA:36,0
DA:37,0
DA:38,0
DA:39,0
DA:40,0
DA:43,0
DA:51,0
DA:52,0
DA:55,0
DA:56,0
DA:57,0
LF:25
LH:1
end_of_record
SF:lib\presentation\pages\home\home_cubit.dart
DA:16,0
DA:19,0
DA:20,0
DA:23,0
DA:24,0
DA:25,0
DA:27,0
DA:28,0
DA:29,0
DA:33,0
DA:34,0
DA:35,0
DA:38,0
DA:39,0
DA:40,0
DA:43,0
DA:45,0
DA:48,0
DA:49,0
DA:50,0
DA:52,0
DA:55,0
DA:56,0
DA:57,0
DA:59,0
DA:60,0
DA:61,0
DA:62,0
DA:65,0
DA:67,0
DA:70,0
DA:71,0
DA:73,0
DA:77,0
DA:79,0
DA:82,0
DA:83,0
DA:85,0
DA:86,0
DA:87,0
DA:89,0
DA:90,0
DA:91,0
DA:92,0
DA:95,0
DA:99,0
DA:102,0
DA:103,0
DA:105,0
DA:106,0
DA:108,0
DA:111,0
DA:112,0
DA:113,0
DA:116,0
DA:118,0
DA:119,0
LF:57
LH:0
end_of_record
SF:lib\presentation\pages\home\home_state.dart
DA:6,0
DA:8,0
DA:9,0
LF:3
LH:0
end_of_record
SF:lib\presentation\widgets\home_page\chat_card.dart
DA:12,0
DA:14,0
DA:16,0
DA:17,0
DA:18,0
DA:20,0
DA:25,0
DA:27,0
DA:28,0
DA:30,0
DA:31,0
DA:38,0
DA:39,0
DA:40,0
DA:41,0
DA:49,0
DA:51,0
DA:52,0
DA:55,0
DA:57,0
DA:64,0
DA:70,0
DA:73,0
DA:75,0
DA:76,0
DA:78,0
DA:80,0
DA:81,0
DA:82,0
DA:83,0
DA:85,0
DA:86,0
DA:87,0
DA:93,0
DA:95,0
DA:96,0
DA:97,0
DA:99,0
DA:101,0
LF:39
LH:0
end_of_record
SF:lib\presentation\pages\chat\event_cubit.dart
DA:24,0
DA:29,0
DA:30,0
DA:33,0
DA:34,0
DA:35,0
DA:36,0
DA:37,0
DA:40,0
DA:41,0
DA:42,0
DA:46,0
DA:48,0
DA:50,0
DA:52,0
DA:54,0
DA:56,0
DA:58,0
DA:59,0
DA:60,0
DA:62,0
DA:63,0
DA:64,0
DA:65,0
DA:66,0
DA:69,0
DA:70,0
DA:71,0
DA:72,0
DA:75,0
DA:76,0
DA:79,0
DA:80,0
DA:82,0
DA:85,0
DA:86,0
DA:88,0
DA:89,0
DA:90,0
DA:93,0
DA:95,0
DA:96,0
DA:97,0
DA:98,0
DA:101,0
DA:104,0
DA:105,0
DA:106,0
DA:108,0
DA:111,0
DA:112,0
DA:115,0
DA:116,0
DA:118,0
DA:120,0
DA:124,0
DA:126,0
DA:129,0
DA:130,0
DA:131,0
DA:132,0
DA:134,0
DA:137,0
DA:140,0
DA:141,0
DA:144,0
DA:145,0
DA:147,0
DA:148,0
DA:149,0
DA:150,0
DA:153,0
DA:154,0
DA:157,0
DA:160,0
DA:161,0
DA:163,0
DA:165,0
DA:167,0
DA:169,0
DA:170,0
DA:172,0
DA:174,0
DA:175,0
DA:176,0
DA:177,0
DA:181,0
DA:184,0
DA:185,0
DA:186,0
DA:187,0
DA:189,0
DA:190,0
DA:191,0
DA:193,0
DA:194,0
DA:195,0
DA:196,0
DA:198,0
DA:200,0
DA:202,0
DA:205,0
DA:208,0
DA:214,0
DA:215,0
DA:217,0
DA:223,0
DA:224,0
DA:225,0
DA:227,0
DA:229,0
DA:230,0
DA:231,0
DA:233,0
DA:234,0
DA:241,0
DA:242,0
DA:244,0
DA:246,0
DA:247,0
DA:249,0
DA:252,0
DA:253,0
DA:255,0
DA:258,0
DA:259,0
DA:261,0
DA:264,0
DA:265,0
DA:267,0
DA:270,0
DA:271,0
DA:274,0
DA:276,0
DA:277,0
DA:278,0
LF:136
LH:0
end_of_record
SF:lib\presentation\pages\chat\event_state.dart
DA:19,0
DA:32,0
DA:38,0
DA:39,0
DA:40,0
DA:41,0
DA:42,0
DA:43,0
DA:44,0
DA:45,0
DA:46,0
DA:47,0
DA:48,0
LF:13
LH:0
end_of_record
SF:lib\presentation\pages\chat\event_page.dart
DA:26,0
DA:30,0
DA:31,0
DA:39,0
DA:41,0
DA:42,0
DA:43,0
DA:46,0
DA:48,0
DA:49,0
DA:50,0
DA:52,0
DA:53,0
DA:54,0
DA:55,0
DA:56,0
DA:57,0
DA:58,0
DA:59,0
DA:61,0
DA:62,0
DA:63,0
DA:65,0
DA:66,0
DA:68,0
DA:69,0
DA:70,0
DA:75,0
DA:76,0
DA:77,0
DA:78,0
DA:79,0
DA:81,0
DA:82,0
DA:83,0
DA:84,0
DA:85,0
DA:86,0
DA:87,0
DA:88,0
DA:89,0
DA:92,0
DA:93,0
DA:94,0
DA:96,0
DA:111,0
DA:112,0
DA:113,0
DA:116,0
DA:119,0
DA:121,0
DA:122,0
DA:123,0
DA:127,0
DA:129,0
DA:131,0
DA:136,0
DA:137,0
DA:138,0
DA:140,0
DA:141,0
DA:142,0
DA:143,0
DA:144,0
DA:150,0
DA:151,0
DA:152,0
DA:153,0
DA:154,0
DA:160,0
DA:161,0
DA:162,0
DA:163,0
DA:164,0
DA:166,0
DA:167,0
DA:168,0
DA:172,0
DA:173,0
DA:174,0
DA:176,0
DA:177,0
DA:178,0
DA:179,0
DA:180,0
DA:181,0
DA:187,0
DA:189,0
DA:190,0
DA:194,0
DA:196,0
DA:197,0
DA:200,0
DA:201,0
DA:202,0
DA:203,0
DA:206,0
DA:208,0
DA:209,0
DA:210,0
DA:216,0
DA:217,0
DA:218,0
DA:220,0
DA:221,0
DA:222,0
DA:223,0
DA:229,0
DA:230,0
DA:231,0
DA:232,0
DA:233,0
DA:235,0
DA:237,0
DA:238,0
DA:242,0
DA:243,0
DA:245,0
DA:246,0
DA:247,0
DA:248,0
DA:251,0
DA:253,0
DA:254,0
DA:255,0
DA:257,0
DA:259,0
DA:260,0
DA:261,0
DA:264,0
DA:265,0
DA:266,0
DA:270,0
DA:271,0
DA:278,0
DA:279,0
DA:282,0
DA:283,0
DA:288,0
DA:289,0
DA:292,0
DA:294,0
DA:295,0
LF:143
LH:0
end_of_record
SF:lib\presentation\pages\search\search_cubit.dart
DA:7,0
DA:9,0
DA:10,0
DA:11,0
DA:15,0
DA:16,0
DA:17,0
DA:20,0
DA:21,0
LF:9
LH:0
end_of_record
SF:lib\presentation\pages\search\search_page.dart
DA:13,1
DA:15,0
DA:17,0
DA:18,0
DA:19,0
DA:20,0
DA:21,0
DA:22,0
DA:23,0
DA:24,0
DA:27,0
DA:28,0
DA:29,0
DA:31,0
DA:32,0
DA:34,0
DA:35,0
DA:36,0
DA:38,0
DA:40,0
DA:41,0
DA:42,0
DA:45,0
DA:46,0
DA:48,0
DA:58,0
DA:64,0
DA:65,0
DA:66,0
DA:68,0
DA:69,0
DA:70,0
DA:71,0
DA:72,0
DA:74,0
LF:35
LH:1
end_of_record
SF:lib\presentation\widgets\event_page\category_box.dart
DA:9,0
DA:11,0
DA:14,0
DA:16,0
DA:17,0
DA:19,0
DA:20,0
DA:21,0
DA:22,0
DA:23,0
DA:25,0
DA:26,0
DA:27,0
DA:28,0
DA:38,0
DA:39,0
DA:40,0
DA:41,0
DA:43,0
LF:19
LH:0
end_of_record
SF:lib\presentation\widgets\event_page\dismiss_item.dart
DA:8,0
DA:13,0
DA:15,0
DA:17,0
DA:18,0
DA:19,0
DA:20,0
DA:21,0
DA:27,0
LF:9
LH:0
end_of_record
SF:lib\presentation\widgets\event_page\event_box.dart
DA:16,0
DA:21,0
DA:27,0
DA:29,0
DA:30,0
DA:31,0
DA:32,0
DA:33,0
DA:35,0
DA:36,0
DA:37,0
DA:38,0
DA:41,0
DA:45,0
DA:46,0
DA:47,0
DA:48,0
DA:49,0
DA:50,0
DA:52,0
DA:53,0
DA:54,0
DA:55,0
DA:56,0
DA:59,0
DA:60,0
DA:61,0
DA:62,0
DA:64,0
DA:65,0
DA:66,0
DA:72,0
DA:74,0
DA:77,0
DA:78,0
DA:79,0
DA:91,0
DA:97,0
DA:99,0
DA:100,0
DA:102,0
DA:105,0
DA:106,0
DA:107,0
DA:108,0
DA:109,0
DA:110,0
DA:113,0
DA:115,0
DA:116,0
DA:117,0
DA:125,0
DA:126,0
DA:129,0
DA:131,0
DA:132,0
DA:134,0
DA:135,0
DA:136,0
DA:137,0
DA:138,0
DA:139,0
DA:142,0
DA:144,0
DA:145,0
DA:146,0
DA:147,0
DA:148,0
DA:149,0
DA:153,0
DA:154,0
DA:161,0
DA:166,0
DA:168,0
DA:169,0
DA:170,0
DA:171,0
DA:172,0
LF:78
LH:0
end_of_record
SF:lib\presentation\widgets\event_page\event_keyboard.dart
DA:18,0
DA:24,0
DA:26,0
DA:28,0
DA:29,0
DA:30,0
DA:31,0
DA:34,0
DA:36,0
DA:37,0
DA:38,0
DA:39,0
DA:41,0
DA:42,0
DA:43,0
DA:49,0
DA:51,0
DA:52,0
DA:54,0
DA:59,0
DA:60,0
DA:63,0
DA:64,0
DA:66,0
DA:67,0
DA:70,0
DA:71,0
DA:72,0
DA:79,0
DA:80,0
DA:81,0
DA:83,0
DA:87,0
DA:88,0
DA:90,0
DA:91,0
DA:92,0
DA:95,0
DA:96,0
DA:97,0
DA:101,0
LF:41
LH:0
end_of_record
SF:lib\presentation\widgets\event_page\info_box.dart
DA:10,0
DA:14,0
DA:16,0
DA:18,0
DA:21,0
DA:22,0
DA:23,0
DA:24,0
DA:25,0
DA:27,0
DA:28,0
DA:35,0
DA:36,0
DA:37,0
DA:40,0
DA:42,0
DA:44,0
DA:45,0
DA:46,0
DA:49,0
DA:51,0
DA:53,0
DA:56,0
DA:58,0
DA:68,0
DA:70,0
DA:71,0
LF:27
LH:0
end_of_record
SF:lib\presentation\widgets\event_page\migration_events_dialog.dart
DA:12,0
DA:15,0
DA:17,0
DA:19,0
DA:20,0
DA:21,0
DA:22,0
DA:23,0
DA:24,0
DA:25,0
DA:28,0
DA:29,0
DA:30,0
DA:31,0
DA:32,0
DA:34,0
DA:35,0
DA:36,0
DA:37,0
DA:38,0
DA:40,0
DA:44,0
DA:46,0
DA:47,0
DA:49,0
DA:60,0
DA:61,0
DA:63,0
DA:65,0
DA:66,0
DA:68,0
DA:69,0
DA:72,0
DA:73,0
LF:34
LH:0
end_of_record
SF:lib\presentation\widgets\event_page\tag_panel.dart
DA:9,0
DA:13,0
DA:15,0
DA:17,0
DA:18,0
DA:20,0
DA:22,0
DA:24,0
LF:8
LH:0
end_of_record
SF:lib\presentation\widgets\event_page\tool_menu_icon.dart
DA:8,1
DA:13,0
DA:15,0
DA:17,0
DA:19,0
DA:20,0
DA:21,0
LF:7
LH:1
end_of_record
SF:lib\theme\colors.dart
DA:16,0
DA:18,0
DA:20,0
DA:21,0
DA:23,0
DA:24,0
DA:26,0
DA:28,0
DA:29,0
DA:32,0
DA:40,0
DA:67,1
DA:75,1
DA:97,2
DA:106,0
DA:115,2
LF:16
LH:4
end_of_record
SF:lib\presentation\pages\creation\add_chat_page.dart
DA:22,2
DA:26,0
DA:28,0
DA:29,0
DA:38,0
DA:40,0
DA:41,0
DA:44,0
DA:46,0
DA:47,0
DA:51,0
DA:53,0
DA:54,0
DA:57,0
DA:59,0
DA:60,0
DA:61,0
DA:63,0
DA:64,0
DA:65,0
DA:66,0
DA:67,0
DA:68,0
DA:72,0
DA:73,0
DA:74,0
DA:75,0
DA:78,0
DA:79,0
DA:80,0
DA:81,0
DA:83,0
DA:84,0
DA:85,0
DA:87,0
DA:88,0
DA:89,0
DA:90,0
DA:91,0
DA:92,0
DA:93,0
DA:96,0
DA:97,0
DA:98,0
DA:99,0
DA:100,0
DA:102,0
DA:103,0
DA:104,0
DA:106,0
DA:110,0
DA:111,0
DA:112,0
DA:113,0
DA:114,0
DA:116,0
DA:117,0
DA:118,0
DA:129,0
DA:130,0
DA:131,0
DA:137,0
DA:142,0
DA:143,0
DA:144,0
DA:147,0
DA:148,0
DA:149,0
DA:152,0
DA:153,0
DA:157,0
DA:158,0
DA:159,0
DA:161,0
DA:164,0
DA:165,0
DA:173,0
DA:174,0
DA:176,0
DA:177,0
DA:178,0
DA:182,0
DA:183,0
DA:184,0
DA:185,0
DA:186,0
DA:187,0
DA:188,0
DA:189,0
DA:192,0
DA:193,0
DA:194,0
DA:198,0
DA:199,0
DA:200,0
DA:201,0
DA:206,0
DA:207,0
DA:208,0
LF:99
LH:1
end_of_record
SF:lib\presentation\widgets\add_chat_page\add_chat_keyboard.dart
DA:9,0
DA:14,0
DA:16,0
DA:18,0
DA:20,0
DA:21,0
DA:22,0
DA:27,0
DA:31,0
DA:37,0
LF:10
LH:0
end_of_record
SF:lib\presentation\widgets\add_chat_page\chat_icon.dart
DA:5,0
DA:10,0
DA:15,0
DA:17,0
DA:19,0
DA:20,0
DA:25,0
DA:26,0
DA:29,0
DA:31,0
DA:32,0
DA:35,0
DA:36,0
DA:39,0
LF:14
LH:0
end_of_record
SF:lib\presentation\pages\creation\creation_cubit.dart
DA:5,0
DA:7,0
DA:8,0
DA:11,0
DA:12,0
DA:15,0
DA:16,0
DA:19,0
DA:20,0
LF:9
LH:0
end_of_record
SF:lib\presentation\pages\creation\creation_state.dart
DA:6,0
DA:12,0
DA:13,0
DA:14,0
DA:15,0
DA:16,0
LF:6
LH:0
end_of_record
SF:lib\presentation\widgets\home_page\archive_row.dart
DA:11,0
DA:13,0
DA:15,0
DA:16,0
DA:18,0
DA:19,0
DA:20,0
DA:23,0
DA:29,0
DA:32,0
DA:39,0
DA:40,0
DA:47,0
LF:13
LH:0
end_of_record
SF:lib\presentation\widgets\home_page\menu_drawer.dart
DA:12,0
DA:14,0
DA:16,0
DA:17,0
DA:18,0
DA:19,0
DA:20,0
DA:22,0
DA:23,0
DA:24,0
DA:27,0
DA:28,0
DA:29,0
DA:30,0
DA:33,0
DA:35,0
DA:36,0
DA:39,0
DA:40,0
DA:41,0
DA:42,0
DA:46,0
DA:47,0
DA:48,0
DA:49,0
DA:53,0
DA:54,0
DA:55,0
DA:56,0
DA:60,0
DA:62,0
DA:63,0
DA:64,0
DA:66,0
DA:67,0
DA:70,0
DA:72,0
DA:73,0
DA:74,0
DA:76,0
DA:77,0
DA:78,0
DA:84,0
DA:85,0
DA:86,0
DA:87,0
LF:46
LH:0
end_of_record
SF:lib\presentation\widgets\home_page\popup_bottom_menu.dart
DA:12,0
DA:18,0
DA:20,0
DA:21,0
DA:23,0
DA:24,0
DA:25,0
DA:30,0
DA:31,0
DA:32,0
DA:34,0
DA:35,0
DA:38,0
DA:39,0
DA:40,0
DA:41,0
DA:46,0
DA:49,0
DA:50,0
DA:51,0
DA:56,0
DA:59,0
DA:60,0
DA:61,0
DA:66,0
DA:69,0
DA:70,0
DA:71,0
DA:76,0
DA:79,0
DA:80,0
DA:81,0
DA:86,0
LF:33
LH:0
end_of_record
SF:lib\presentation\widgets\home_page\questionnaire_bot_row.dart
DA:7,1
DA:9,0
DA:11,0
DA:13,0
DA:15,0
DA:17,0
DA:19,0
DA:21,0
DA:22,0
DA:23,0
DA:25,0
DA:26,0
LF:12
LH:1
end_of_record
SF:lib\presentation\pages\search\search_state.dart
DA:8,0
DA:10,0
DA:11,0
DA:14,0
DA:15,0
LF:5
LH:0
end_of_record
SF:lib\presentation\pages\settings\settings_background_chat_page.dart
DA:11,1
DA:13,0
DA:15,0
DA:16,0
DA:17,0
DA:19,0
DA:21,0
DA:22,0
DA:23,0
DA:24,0
DA:29,0
DA:30,0
DA:32,0
DA:35,0
DA:36,0
DA:37,0
DA:43,0
DA:44,0
DA:45,0
DA:52,0
DA:53,0
DA:54,0
DA:55,0
DA:58,0
DA:59,0
DA:62,0
DA:63,0
DA:64,0
DA:67,0
DA:69,0
DA:70,0
DA:71,0
DA:74,0
DA:80,0
DA:81,0
DA:85,0
DA:86,0
LF:37
LH:1
end_of_record
SF:lib\presentation\pages\settings\settings_state.dart
DA:12,1
DA:21,1
DA:29,1
DA:30,1
DA:31,1
DA:32,1
DA:33,1
DA:34,1
DA:35,1
DA:39,1
DA:40,1
DA:41,1
DA:42,1
DA:43,1
DA:44,1
DA:45,1
DA:46,1
LF:17
LH:17
end_of_record
SF:lib\presentation\widgets\event_page\attach_dialog.dart
DA:10,0
DA:12,0
DA:13,0
DA:14,0
DA:15,0
DA:16,0
DA:17,0
DA:18,0
DA:19,0
DA:20,0
DA:21,0
DA:23,0
DA:24,0
DA:25,0
DA:26,0
DA:32,0
DA:33,0
DA:35,0
DA:36,0
DA:43,0
DA:44,0
DA:47,0
DA:48,0
DA:49,0
DA:50,0
DA:52,0
LF:26
LH:0
end_of_record
SF:lib\presentation\widgets\event_page\keyboard_icon.dart
DA:7,0
DA:11,0
DA:13,0
DA:15,0
DA:18,0
DA:19,0
LF:6
LH:0
end_of_record
SF:lib\presentation\widgets\home_page\chat_functions.dart
DA:14,0
DA:20,0
DA:21,0
DA:22,0
DA:23,0
DA:24,0
DA:28,0
DA:29,0
DA:30,0
DA:33,0
DA:34,0
DA:35,0
DA:38,0
DA:39,0
DA:40,0
DA:41,0
DA:45,0
DA:46,0
DA:47,0
LF:19
LH:0
end_of_record
SF:lib\presentation\widgets\home_page\info_chat_dialog.dart
DA:13,0
DA:15,0
DA:17,0
DA:18,0
DA:19,0
DA:20,0
DA:21,0
DA:22,0
DA:30,0
DA:33,0
DA:34,0
DA:35,0
DA:46,0
DA:48,0
DA:50,0
DA:51,0
DA:52,0
DA:55,0
DA:56,0
DA:57,0
DA:58,0
DA:64,0
DA:65,0
DA:68,0
DA:69,0
DA:70,0
DA:71,0
DA:79,0
DA:80,0
DA:82,0
DA:84,0
DA:85,0
DA:87,0
DA:88,0
DA:91,0
DA:92,0
DA:94,0
DA:102,0
DA:103,0
DA:105,0
DA:108,0
DA:109,0
DA:110,0
DA:111,0
LF:44
LH:0
end_of_record
